{"/home/ajesh/Documents/me/Project/exercises/customer-management/src/components/ButtonComponent.vue": {"path":"/home/ajesh/Documents/me/Project/exercises/customer-management/src/components/ButtonComponent.vue","all":false,"statementMap":{"0":{"start":{"line":1,"column":0},"end":{"line":1,"column":10}},"18":{"start":{"line":19,"column":0},"end":{"line":19,"column":71}},"20":{"start":{"line":21,"column":0},"end":{"line":21,"column":47}},"35":{"start":{"line":36,"column":0},"end":{"line":36,"column":37}},"36":{"start":{"line":37,"column":0},"end":{"line":37,"column":10}},"37":{"start":{"line":38,"column":0},"end":{"line":38,"column":49}},"38":{"start":{"line":39,"column":0},"end":{"line":39,"column":39}},"39":{"start":{"line":40,"column":0},"end":{"line":40,"column":4}},"40":{"start":{"line":41,"column":0},"end":{"line":41,"column":3}},"42":{"start":{"line":43,"column":0},"end":{"line":43,"column":41}},"43":{"start":{"line":44,"column":0},"end":{"line":44,"column":10}},"44":{"start":{"line":45,"column":0},"end":{"line":45,"column":56}},"45":{"start":{"line":46,"column":0},"end":{"line":46,"column":48}},"46":{"start":{"line":47,"column":0},"end":{"line":47,"column":4}},"47":{"start":{"line":48,"column":0},"end":{"line":48,"column":3}},"49":{"start":{"line":50,"column":0},"end":{"line":50,"column":43}},"50":{"start":{"line":51,"column":0},"end":{"line":51,"column":26}},"51":{"start":{"line":52,"column":0},"end":{"line":52,"column":32}},"52":{"start":{"line":53,"column":0},"end":{"line":53,"column":23}},"53":{"start":{"line":54,"column":0},"end":{"line":54,"column":33}},"54":{"start":{"line":55,"column":0},"end":{"line":55,"column":24}},"55":{"start":{"line":56,"column":0},"end":{"line":56,"column":29}},"56":{"start":{"line":57,"column":0},"end":{"line":57,"column":20}},"57":{"start":{"line":58,"column":0},"end":{"line":58,"column":12}},"58":{"start":{"line":59,"column":0},"end":{"line":59,"column":16}},"59":{"start":{"line":60,"column":0},"end":{"line":60,"column":3}},"60":{"start":{"line":61,"column":0},"end":{"line":61,"column":3}},"62":{"start":{"line":63,"column":0},"end":{"line":63,"column":33}},"63":{"start":{"line":64,"column":0},"end":{"line":64,"column":29}},"64":{"start":{"line":65,"column":0},"end":{"line":65,"column":2}}},"s":{"0":1,"18":1,"20":1,"35":1,"36":6,"37":6,"38":6,"39":6,"40":1,"42":1,"43":6,"44":6,"45":6,"46":6,"47":1,"49":1,"50":6,"51":6,"52":2,"53":6,"54":2,"55":6,"56":1,"57":6,"58":1,"59":6,"60":1,"62":1,"63":1,"64":1},"branchMap":{"0":{"type":"branch","line":36,"loc":{"start":{"line":36,"column":30},"end":{"line":41,"column":1}},"locations":[{"start":{"line":36,"column":30},"end":{"line":41,"column":1}}]},"1":{"type":"branch","line":43,"loc":{"start":{"line":43,"column":34},"end":{"line":48,"column":1}},"locations":[{"start":{"line":43,"column":34},"end":{"line":48,"column":1}}]},"2":{"type":"branch","line":50,"loc":{"start":{"line":50,"column":36},"end":{"line":61,"column":1}},"locations":[{"start":{"line":50,"column":36},"end":{"line":61,"column":1}}]},"3":{"type":"branch","line":52,"loc":{"start":{"line":52,"column":4},"end":{"line":53,"column":23}},"locations":[{"start":{"line":52,"column":4},"end":{"line":53,"column":23}}]},"4":{"type":"branch","line":54,"loc":{"start":{"line":54,"column":4},"end":{"line":55,"column":24}},"locations":[{"start":{"line":54,"column":4},"end":{"line":55,"column":24}}]},"5":{"type":"branch","line":56,"loc":{"start":{"line":56,"column":4},"end":{"line":57,"column":20}},"locations":[{"start":{"line":56,"column":4},"end":{"line":57,"column":20}}]},"6":{"type":"branch","line":58,"loc":{"start":{"line":58,"column":4},"end":{"line":59,"column":16}},"locations":[{"start":{"line":58,"column":4},"end":{"line":59,"column":16}}]},"7":{"type":"branch","line":63,"loc":{"start":{"line":63,"column":26},"end":{"line":65,"column":2}},"locations":[{"start":{"line":63,"column":26},"end":{"line":65,"column":2}}]}},"b":{"0":[6],"1":[6],"2":[6],"3":[2],"4":[2],"5":[1],"6":[1],"7":[1]},"fnMap":{"0":{"name":"handleButtonClick","decl":{"start":{"line":63,"column":26},"end":{"line":65,"column":2}},"loc":{"start":{"line":63,"column":26},"end":{"line":65,"column":2}},"line":63}},"f":{"0":1}}
}
