{"/home/ajesh/Documents/me/Project/exercises/customer-management/src/components/DropdownComponent.vue": {"path":"/home/ajesh/Documents/me/Project/exercises/customer-management/src/components/DropdownComponent.vue","all":false,"statementMap":{"0":{"start":{"line":1,"column":0},"end":{"line":1,"column":10}},"19":{"start":{"line":20,"column":0},"end":{"line":20,"column":49}},"30":{"start":{"line":31,"column":0},"end":{"line":31,"column":46}},"32":{"start":{"line":33,"column":0},"end":{"line":33,"column":35}},"33":{"start":{"line":34,"column":0},"end":{"line":34,"column":53}},"34":{"start":{"line":35,"column":0},"end":{"line":35,"column":2}},"36":{"start":{"line":37,"column":0},"end":{"line":37,"column":38}},"37":{"start":{"line":38,"column":0},"end":{"line":38,"column":26}},"38":{"start":{"line":39,"column":0},"end":{"line":39,"column":78}},"39":{"start":{"line":40,"column":0},"end":{"line":40,"column":10}},"40":{"start":{"line":41,"column":0},"end":{"line":41,"column":75}},"41":{"start":{"line":42,"column":0},"end":{"line":42,"column":3}},"42":{"start":{"line":43,"column":0},"end":{"line":43,"column":3}}},"s":{"0":1,"19":1,"30":1,"32":1,"33":2,"34":2,"36":1,"37":9,"38":3,"39":9,"40":6,"41":6,"42":1},"branchMap":{"0":{"type":"branch","line":33,"loc":{"start":{"line":33,"column":28},"end":{"line":35,"column":2}},"locations":[{"start":{"line":33,"column":28},"end":{"line":35,"column":2}}]},"1":{"type":"branch","line":37,"loc":{"start":{"line":37,"column":31},"end":{"line":43,"column":1}},"locations":[{"start":{"line":37,"column":31},"end":{"line":43,"column":1}}]},"2":{"type":"branch","line":38,"loc":{"start":{"line":38,"column":25},"end":{"line":40,"column":9}},"locations":[{"start":{"line":38,"column":25},"end":{"line":40,"column":9}}]},"3":{"type":"branch","line":39,"loc":{"start":{"line":39,"column":29},"end":{"line":39,"column":58}},"locations":[{"start":{"line":39,"column":29},"end":{"line":39,"column":58}}]},"4":{"type":"branch","line":39,"loc":{"start":{"line":39,"column":37},"end":{"line":39,"column":78}},"locations":[{"start":{"line":39,"column":37},"end":{"line":39,"column":78}}]},"5":{"type":"branch","line":40,"loc":{"start":{"line":40,"column":2},"end":{"line":42,"column":3}},"locations":[{"start":{"line":40,"column":2},"end":{"line":42,"column":3}}]},"6":{"type":"branch","line":41,"loc":{"start":{"line":41,"column":29},"end":{"line":41,"column":56}},"locations":[{"start":{"line":41,"column":29},"end":{"line":41,"column":56}}]},"7":{"type":"branch","line":41,"loc":{"start":{"line":41,"column":37},"end":{"line":41,"column":75}},"locations":[{"start":{"line":41,"column":37},"end":{"line":41,"column":75}}]}},"b":{"0":[2],"1":[9],"2":[3],"3":[1],"4":[2],"5":[6],"6":[1],"7":[5]},"fnMap":{"0":{"name":"toggleDropdownItems","decl":{"start":{"line":33,"column":28},"end":{"line":35,"column":2}},"loc":{"start":{"line":33,"column":28},"end":{"line":35,"column":2}},"line":33}},"f":{"0":2}}
}
