{"total": {"lines":{"total":42,"covered":42,"skipped":0,"pct":100},"statements":{"total":42,"covered":42,"skipped":0,"pct":100},"functions":{"total":2,"covered":2,"skipped":0,"pct":100},"branches":{"total":8,"covered":8,"skipped":0,"pct":100},"branchesTrue":{"total":0,"covered":0,"skipped":0,"pct":"Unknown"}}
,"/home/ajesh/Documents/me/Project/exercises/customer-management/src/components/TextComponent.vue": {"lines":{"total":42,"covered":42,"skipped":0,"pct":100},"functions":{"total":2,"covered":2,"skipped":0,"pct":100},"statements":{"total":42,"covered":42,"skipped":0,"pct":100},"branches":{"total":8,"covered":8,"skipped":0,"pct":100}}
}
